[ERROR]:2020-04-24 11:26:25,279--5305[main]
com.base.dbpool.HikariDBPool.init(HikariDBPool.java:54)
DB连接池初始化失败 
com.zaxxer.hikari.pool.HikariPool$PoolInitializationException: Failed to initialize pool: Could not create connection to database server. Attempted reconnect 3 times. Giving up.
	at com.zaxxer.hikari.pool.HikariPool.throwPoolInitializationException(HikariPool.java:536)
	at com.zaxxer.hikari.pool.HikariPool.checkFailFast(HikariPool.java:528)
	at com.zaxxer.hikari.pool.HikariPool.<init>(HikariPool.java:113)
	at com.zaxxer.hikari.HikariDataSource.<init>(HikariDataSource.java:72)
	at com.base.dbpool.HikariDBPool.initDataPool(HikariDBPool.java:100)
	at com.base.dbpool.HikariDBPool.init(HikariDBPool.java:42)
	at com.game.main.GameServer.start(GameServer.java:67)
	at com.game.main.GameServer.main(GameServer.java:137)
Caused by: java.sql.SQLNonTransientConnectionException: Could not create connection to database server. Attempted reconnect 3 times. Giving up.
	at com.mysql.cj.jdbc.exceptions.SQLError.createSQLException(SQLError.java:110)
	at com.mysql.cj.jdbc.exceptions.SQLError.createSQLException(SQLError.java:97)
	at com.mysql.cj.jdbc.exceptions.SQLError.createSQLException(SQLError.java:89)
	at com.mysql.cj.jdbc.exceptions.SQLError.createSQLException(SQLError.java:63)
	at com.mysql.cj.jdbc.exceptions.SQLError.createSQLException(SQLError.java:73)
	at com.mysql.cj.jdbc.ConnectionImpl.connectWithRetries(ConnectionImpl.java:905)
	at com.mysql.cj.jdbc.ConnectionImpl.createNewIO(ConnectionImpl.java:830)
	at com.mysql.cj.jdbc.ConnectionImpl.<init>(ConnectionImpl.java:455)
	at com.mysql.cj.jdbc.ConnectionImpl.getInstance(ConnectionImpl.java:240)
	at com.mysql.cj.jdbc.NonRegisteringDriver.connect(NonRegisteringDriver.java:199)
	at com.zaxxer.hikari.util.DriverDataSource.getConnection(DriverDataSource.java:95)
	at com.zaxxer.hikari.util.DriverDataSource.getConnection(DriverDataSource.java:101)
	at com.zaxxer.hikari.pool.PoolBase.newConnection(PoolBase.java:346)
	at com.zaxxer.hikari.pool.PoolBase.newPoolEntry(PoolBase.java:196)
	at com.zaxxer.hikari.pool.HikariPool.createPoolEntry(HikariPool.java:442)
	at com.zaxxer.hikari.pool.HikariPool.checkFailFast(HikariPool.java:505)
	... 6 more
Caused by: com.mysql.cj.exceptions.CJCommunicationsException: Communications link failure

The last packet sent successfully to the server was 0 milliseconds ago. The driver has not received any packets from the server.
	at java.base/jdk.internal.reflect.NativeConstructorAccessorImpl.newInstance0(Native Method)
	at java.base/jdk.internal.reflect.NativeConstructorAccessorImpl.newInstance(NativeConstructorAccessorImpl.java:62)
	at java.base/jdk.internal.reflect.DelegatingConstructorAccessorImpl.newInstance(DelegatingConstructorAccessorImpl.java:45)
	at java.base/java.lang.reflect.Constructor.newInstance(Constructor.java:488)
	at com.mysql.cj.exceptions.ExceptionFactory.createException(ExceptionFactory.java:61)
	at com.mysql.cj.exceptions.ExceptionFactory.createException(ExceptionFactory.java:105)
	at com.mysql.cj.exceptions.ExceptionFactory.createException(ExceptionFactory.java:151)
	at com.mysql.cj.exceptions.ExceptionFactory.createCommunicationsException(ExceptionFactory.java:167)
	at com.mysql.cj.protocol.a.NativeSocketConnection.connect(NativeSocketConnection.java:91)
	at com.mysql.cj.NativeSession.connect(NativeSession.java:152)
	at com.mysql.cj.jdbc.ConnectionImpl.connectWithRetries(ConnectionImpl.java:849)
	... 16 more
Caused by: java.net.ConnectException: Connection refused (Connection refused)
	at java.base/java.net.PlainSocketImpl.socketConnect(Native Method)
	at java.base/java.net.AbstractPlainSocketImpl.doConnect(AbstractPlainSocketImpl.java:400)
	at java.base/java.net.AbstractPlainSocketImpl.connectToAddress(AbstractPlainSocketImpl.java:243)
	at java.base/java.net.AbstractPlainSocketImpl.connect(AbstractPlainSocketImpl.java:225)
	at java.base/java.net.SocksSocketImpl.connect(SocksSocketImpl.java:402)
	at java.base/java.net.Socket.connect(Socket.java:591)
	at com.mysql.cj.protocol.StandardSocketFactory.connect(StandardSocketFactory.java:155)
	at com.mysql.cj.protocol.a.NativeSocketConnection.connect(NativeSocketConnection.java:65)
	... 18 more
